d:\source\repos\cpppractice\cpppractice\debug\vc142.pdb
d:\source\repos\cpppractice\cpppractice\debug\vc142.idb
d:\source\repos\cpppractice\cpppractice\debug\main3.obj
d:\source\repos\cpppractice\cpppractice\debug\main2.obj
d:\source\repos\cpppractice\cpppractice\debug\main.obj
d:\source\repos\cpppractice\cpppractice\debug\homework1.obj
d:\source\repos\cpppractice\cpppractice\debug\main4.obj
d:\source\repos\cpppractice\cpppractice\debug\homework2.obj
d:\source\repos\cpppractice\cpppractice\debug\main5.obj
d:\source\repos\cpppractice\cpppractice\debug\homework3.obj
d:\source\repos\cpppractice\cpppractice\debug\main6.obj
d:\source\repos\cpppractice\cpppractice\debug\main7.obj
d:\source\repos\cpppractice\cpppractice\debug\main8.obj
d:\source\repos\cpppractice\cpppractice\debug\main9.obj
d:\source\repos\cpppractice\cpppractice\debug\homework4.obj
d:\source\repos\cpppractice\cpppractice\debug\textrpg1.obj
d:\source\repos\cpppractice\cpppractice\debug\pointer.obj
d:\source\repos\cpppractice\cpppractice\debug\function.obj
d:\source\repos\cpppractice\cpppractice\debug\bingo(function).obj
d:\source\repos\cpppractice\cpppractice\debug\homework5.obj
d:\source\repos\cpppractice\cpppractice\debug\textrpg(function).obj
d:\source\repos\cpppractice\cpppractice\debug\maze.obj
d:\source\repos\cpppractice\cpppractice\debug\dynamic.obj
d:\source\repos\cpppractice\cpppractice\debug\linkedlist.obj
d:\source\repos\cpppractice\cpppractice\debug\list.obj
d:\source\repos\cpppractice\cpppractice\debug\doublelinkedlist.obj
d:\source\repos\cpppractice\cpppractice\debug\fileio.obj
d:\source\repos\cpppractice\cpppractice\debug\maze(file).obj
d:\source\repos\cpppractice\cpppractice\debug\binaryfile.obj
d:\source\repos\cpppractice\cpppractice\debug\minigame.obj
d:\source\repos\cpppractice\cpppractice\debug\main4.obj.enc
d:\source\repos\cpppractice\debug\cpppractice.pdb
d:\source\repos\cpppractice\cpppractice\debug\cpppractice.tlog\cl.command.1.tlog
d:\source\repos\cpppractice\cpppractice\debug\cpppractice.tlog\cl.read.1.tlog
d:\source\repos\cpppractice\cpppractice\debug\cpppractice.tlog\cl.write.1.tlog
d:\source\repos\cpppractice\cpppractice\debug\cpppractice.tlog\link-cvtres.read.1.tlog
d:\source\repos\cpppractice\cpppractice\debug\cpppractice.tlog\link-cvtres.write.1.tlog
d:\source\repos\cpppractice\cpppractice\debug\cpppractice.tlog\link-rc.read.1.tlog
d:\source\repos\cpppractice\cpppractice\debug\cpppractice.tlog\link-rc.write.1.tlog
d:\source\repos\cpppractice\cpppractice\debug\cpppractice.tlog\link.command.1.tlog
d:\source\repos\cpppractice\cpppractice\debug\cpppractice.tlog\link.read.1.tlog
d:\source\repos\cpppractice\cpppractice\debug\cpppractice.tlog\link.write.1.tlog
